75
18
35
10
28
24
30
9
45
1
8
20
24
20
13
53
14
45
59
20
16
3
14
10
32
2
62
25
48
27
2
14
1
17
79
25
24
2
8
26
4
10
15
35
9
3
9
5
20
8
7
28
28
10
3
1
2
6
45
15
79
22
3
20
5
18
36
6
24
1
4
57
30
29
1
50
22
8
17
16
47
6
32
19
10
10
22
33
14
64
8
27
26
4
39
4
20
18
14
15
7
18
34
15
2
68
5
27
5
8
26
59
7
9
33
8
27
22
17
5
3
26
10
4
9
4
6
6
12
33
14
17
34
10
2
14
18
17
7
24
12
6
20
39
41
4
31
29
72
1
14
19
64
38
1
10
37
73
23
41
54
9
6
50
72
8
9
23
18
7
19
4
30
8
20
17
3
14
10
15
72
5
4
9
58
18
38
78
14
4
67
48
75
9
21
63
21
37
24
17
32
34
21
25
23
2
23
17
8
57
9
29
33
3
3
7
15
6
60
13
37
20
64
37
17
27
5
1
26
61
34
26
14
22
7
41
3
66
20
9
16
11
8
14
45
6
32
26
44
7
3
14
1
28
7
51
3
16
62
71
48
1
45
42
26
42
29
5
5
7
62
23
15
1
4
79
18
28
3
39
44
8
10
11
7
9
9
27
3
5
8
5
26
27
7
31
35
19
16
28
7
36
14
17
15
10
24
7
53
28
19
11
43
11
9
13
19
7
21
36
15
12
5
5
17
38
20
26
37
24
60
78
17
3
26
42
2
19
8
45
9
19
53
10
34
25
10
6
28
43
10
18
73
9
39
10
3
57
16
5
7
52
24
3
22
43
3
42
14
8
41
4
12
70
22
5
26
48
47
5
30
10
71
47
26
10
14
10
2
17
4
22
28
39
9
4
38
49
4
2
8
46
6
43
2
8
44
3
28
15
40
14
3
64
5
8
25
4
16
29
57
73
38
4
10
23
10
40
27
9
4
7
10
46
7
20
10
35
88
2
4
10
37
22
7
22
3
14
20
19
32
22
15
66
61
17
37
57
18
23
15
41
21
3
43
15
20
22
28
7
8
5
18
45
34
19
31
31
17
17
35
17
22
3
11
12
10
30
4
14
32
3
71
13
5
19
10
67
61
38
1
15
2
57
23
18
6
13
70
4
32
6
5
38
4
36
2
30
4
20
24
41
22
45
1
40
7
15
4
63
29
16
8
18
6
4
65
3
54
10
2
49
10
13
5
7
8
48
6
15
8
4
22
26
53
25
7
46
6
70
22
72
25
3
44
3
8
27
4
22
2
33
43
45
45
4
2
18
2
59
52
22
9
8
41
20
24
14
20
2
36
13
7
26
37
1
2
30
75
42
54
10
15
19
43
44
47
52
15
54
28
22
86
6
20
22
9
51
41
7
6
7
7
30
3
27
10
28
30
8
16
14
48
9
3
1
13
3
49
65
13
6
2
16
51
22
4
11
2
75
56
15
5
34
16
26
42
23
80
4
14
42
52
8
46
32
