[[97, 93, 23], [97, 23, 93], [93, 97, 23], [93, 23, 97], [84, 64, 62], [84, 62, 64], [83, 33, 27], [83, 27, 33], [64, 84, 62], [64, 62, 84], [62, 84, 64], [62, 64, 84], [59, 41, 31], [59, 31, 41], [58, 53, 26], [58, 26, 53], [53, 58, 26], [53, 26, 58], [41, 59, 31], [41, 31, 59], [33, 83, 27], [33, 27, 83], [31, 59, 41], [31, 41, 59], [27, 83, 33], [27, 33, 83], [26, 58, 53], [26, 53, 58], [23, 97, 93], [23, 93, 97]]
[[97, 93, 23]]
[[97, 93, 23]]
[[97, 93, 23]]
[[97, 93, 23]]
[[97, 93, 23]]
[[97, 93, 23]]
[[97, 93, 23]]
[[97, 93, 23]]
[[97, 93, 23]]
[[97, 93, 23]]
[[97, 93, 23]]
[[97, 93, 23]]
[[97, 93, 23]]
[[97, 93, 23]]
[[97, 93, 23]]
[[97, 93, 23]]
[[97, 93, 23]]
[[97, 93, 23]]
[[97, 93, 23]]
[[97, 93, 23]]
[[97, 93, 23]]
[[97, 93, 23]]
[[97, 93, 23]]
[[97, 93, 23]]
[[97, 93, 23]]
[[97, 93, 23]]
[[97, 93, 23]]
[[97, 93, 23]]
[[97, 93, 23]]
[[97, 93, 23]]
[[97, 93, 23]]
[[97, 93, 23]]
[[97, 93, 23]]
[[97, 93, 23]]
[[97, 93, 23]]
[[97, 93, 23]]
[[97, 93, 23]]
[[97, 93, 23]]
[[97, 93, 23]]
[[97, 93, 23]]
[[97, 93, 23]]
[[97, 93, 23]]
[[97, 93, 23]]
[[97, 93, 23]]
[[97, 93, 23]]
[[97, 93, 23]]
[[97, 93, 23]]
[[97, 93, 23]]
[[97, 93, 23]]
[[97, 93, 23]]
[[97, 93, 23]]
[[97, 93, 23]]
[[97, 93, 23]]
[[97, 93, 23]]
[[97, 93, 23]]
[[97, 93, 23]]
[[97, 93, 23]]
[[97, 93, 23]]
[[97, 93, 23]]
[[97, 93, 23]]
[[97, 93, 23]]
[[97, 93, 23]]
[[97, 93, 23]]
[[97, 93, 23]]
[[97, 93, 23]]
[[97, 93, 23]]
[[97, 93, 23]]
[[97, 93, 23]]
[[97, 93, 23]]
[[97, 93, 23]]
[[97, 93, 23]]
[[97, 93, 23]]
[[97, 93, 23]]
[[97, 93, 23]]
[[97, 93, 23]]
[[97, 93, 23]]
[[97, 93, 23]]
[[97, 93, 23]]
[[97, 93, 23]]
[[97, 93, 23]]
[[97, 93, 23]]
[[97, 93, 23]]
[[97, 93, 23]]
[[97, 93, 23]]
[[97, 93, 23]]
[[97, 93, 23]]
[[97, 93, 23]]
[[97, 93, 23]]
[[97, 93, 23]]
[[97, 93, 23]]
[[97, 93, 23], [93, 23, 97]]
[[97, 93, 23], [93, 23, 97]]
[[97, 93, 23], [93, 23, 97]]
[[97, 93, 23]]
[[97, 93, 23]]
[[97, 93, 23]]
[[97, 93, 23]]
[[97, 93, 23]]
[[97, 93, 23]]
[[97, 93, 23]]
[[97, 93, 23]]
[[97, 93, 23]]
[[97, 93, 23]]
[[97, 93, 23]]
[[97, 93, 23]]
[[97, 93, 23]]
[[97, 93, 23]]
[[97, 93, 23]]
[[97, 93, 23]]
[[97, 93, 23]]
[[97, 93, 23]]
[[97, 93, 23]]
[[97, 93, 23]]
[[97, 93, 23]]
[[97, 93, 23]]
[[97, 93, 23]]
[[97, 93, 23]]
[[97, 93, 23]]
[[97, 93, 23]]
[[97, 93, 23]]
[[97, 93, 23], [93, 23, 97]]
[[97, 93, 23], [93, 23, 97]]
[[97, 93, 23], [93, 23, 97]]
[[97, 93, 23], [84, 64, 62]]
[[97, 93, 23]]
[[97, 93, 23]]
[[97, 93, 23]]
[[97, 93, 23]]
[[97, 93, 23]]
[[97, 93, 23]]
[[97, 93, 23]]
[[97, 93, 23]]
[[97, 93, 23]]
[[97, 93, 23]]
[[97, 93, 23]]
[[97, 93, 23]]
[[97, 93, 23]]
[[97, 93, 23]]
[[97, 93, 23]]
[[97, 93, 23]]
[[97, 93, 23]]
[[97, 93, 23]]
[[97, 93, 23]]
[[97, 93, 23]]
[[97, 93, 23]]
[[97, 93, 23]]
[[97, 93, 23]]
[[97, 93, 23]]
[[97, 93, 23]]
[[97, 93, 23]]
[[97, 93, 23], [93, 23, 97]]
[[97, 93, 23], [93, 23, 97]]
[[97, 93, 23], [93, 23, 97]]
[[97, 93, 23], [84, 64, 62]]
[[97, 93, 23], [84, 62, 64]]
[[97, 93, 23]]
[[97, 93, 23]]
[[97, 93, 23]]
[[97, 93, 23]]
[[97, 93, 23]]
[[97, 93, 23]]
[[97, 93, 23]]
[[97, 93, 23]]
[[97, 93, 23]]
[[97, 93, 23]]
[[97, 93, 23]]
[[97, 93, 23]]
[[97, 93, 23]]
[[97, 93, 23]]
[[97, 93, 23]]
[[97, 93, 23]]
[[97, 93, 23]]
[[97, 93, 23]]
[[97, 93, 23]]
[[97, 93, 23]]
[[97, 93, 23]]
[[97, 93, 23]]
[[97, 93, 23]]
[[97, 93, 23]]
[[97, 93, 23]]
[[97, 93, 23], [93, 23, 97]]
[[97, 93, 23], [93, 23, 97]]
[[97, 93, 23], [93, 23, 97]]
[[97, 93, 23], [84, 64, 62], [83, 33, 27]]
[[97, 93, 23], [84, 62, 64], [83, 33, 27]]
[[97, 93, 23], [83, 33, 27]]
[[97, 93, 23]]
[[97, 93, 23]]
[[97, 93, 23]]
[[97, 93, 23]]
[[97, 93, 23]]
[[97, 93, 23]]
[[97, 93, 23]]
[[97, 93, 23]]
[[97, 93, 23]]
[[97, 93, 23]]
[[97, 93, 23]]
[[97, 93, 23]]
[[97, 93, 23]]
[[97, 93, 23]]
[[97, 93, 23]]
[[97, 93, 23]]
[[97, 93, 23]]
[[97, 93, 23]]
[[97, 93, 23]]
[[97, 93, 23]]
[[97, 93, 23]]
[[97, 93, 23]]
[[97, 93, 23]]
[[97, 93, 23]]
[[97, 93, 23], [93, 23, 97]]
[[97, 93, 23], [93, 23, 97]]
[[97, 93, 23], [93, 23, 97]]
[[97, 93, 23], [84, 64, 62], [83, 33, 27]]
[[97, 93, 23], [84, 62, 64], [83, 33, 27]]
[[97, 93, 23], [83, 33, 27]]
[[97, 93, 23], [83, 27, 33]]
[[97, 93, 23]]
[[97, 93, 23]]
[[97, 93, 23]]
[[97, 93, 23]]
[[97, 93, 23]]
[[97, 93, 23]]
[[97, 93, 23]]
[[97, 93, 23]]
[[97, 93, 23]]
[[97, 93, 23]]
[[97, 93, 23]]
[[97, 93, 23]]
[[97, 93, 23]]
[[97, 93, 23]]
[[97, 93, 23]]
[[97, 93, 23]]
[[97, 93, 23]]
[[97, 93, 23]]
[[97, 93, 23]]
[[97, 93, 23]]
[[97, 93, 23]]
[[97, 93, 23]]
[[97, 93, 23]]
[[97, 93, 23], [93, 23, 97]]
[[97, 93, 23], [93, 23, 97]]
[[97, 93, 23], [93, 23, 97]]
[[97, 93, 23], [84, 64, 62], [83, 33, 27]]
[[97, 93, 23], [84, 62, 64], [83, 33, 27]]
[[97, 93, 23], [83, 33, 27]]
[[97, 93, 23], [83, 27, 33]]
[[97, 93, 23], [64, 84, 62]]
[[97, 93, 23]]
[[97, 93, 23]]
[[97, 93, 23]]
[[97, 93, 23]]
[[97, 93, 23]]
[[97, 93, 23]]
[[97, 93, 23]]
[[97, 93, 23]]
[[97, 93, 23]]
[[97, 93, 23]]
[[97, 93, 23]]
[[97, 93, 23]]
[[97, 93, 23]]
[[97, 93, 23]]
[[97, 93, 23]]
[[97, 93, 23]]
[[97, 93, 23]]
[[97, 93, 23]]
[[97, 93, 23]]
[[97, 93, 23]]
[[97, 93, 23]]
[[97, 93, 23]]
[[97, 93, 23], [93, 23, 97]]
[[97, 93, 23], [93, 23, 97]]
[[97, 93, 23], [93, 23, 97]]
[[97, 93, 23], [84, 64, 62], [83, 33, 27]]
[[97, 93, 23], [84, 62, 64], [83, 33, 27]]
[[97, 93, 23], [83, 33, 27]]
[[97, 93, 23], [83, 27, 33]]
[[97, 93, 23], [64, 84, 62]]
[[97, 93, 23], [64, 62, 84]]
[[97, 93, 23]]
[[97, 93, 23]]
[[97, 93, 23]]
[[97, 93, 23]]
[[97, 93, 23]]
[[97, 93, 23]]
[[97, 93, 23]]
[[97, 93, 23]]
[[97, 93, 23]]
[[97, 93, 23]]
[[97, 93, 23]]
[[97, 93, 23]]
[[97, 93, 23]]
[[97, 93, 23]]
[[97, 93, 23]]
[[97, 93, 23]]
[[97, 93, 23]]
[[97, 93, 23]]
[[97, 93, 23]]
[[97, 93, 23]]
[[97, 93, 23]]
[[97, 93, 23], [93, 23, 97]]
[[97, 93, 23], [93, 23, 97]]
[[97, 93, 23], [93, 23, 97]]
[[97, 93, 23], [84, 64, 62], [83, 33, 27]]
[[97, 93, 23], [84, 62, 64], [83, 33, 27]]
[[97, 93, 23], [83, 33, 27]]
[[97, 93, 23], [83, 27, 33]]
[[97, 93, 23], [64, 84, 62]]
[[97, 93, 23], [64, 62, 84]]
[[97, 93, 23], [62, 84, 64]]
[[97, 93, 23]]
[[97, 93, 23]]
[[97, 93, 23]]
[[97, 93, 23]]
[[97, 93, 23]]
[[97, 93, 23]]
[[97, 93, 23]]
[[97, 93, 23]]
[[97, 93, 23]]
[[97, 93, 23]]
[[97, 93, 23]]
[[97, 93, 23]]
[[97, 93, 23]]
[[97, 93, 23]]
[[97, 93, 23]]
[[97, 93, 23]]
[[97, 93, 23]]
[[97, 93, 23]]
[[97, 93, 23]]
[[97, 93, 23]]
[[97, 93, 23], [93, 23, 97]]
[[97, 93, 23], [93, 23, 97]]
[[97, 93, 23], [93, 23, 97]]
[[97, 93, 23], [84, 64, 62], [83, 33, 27]]
[[97, 93, 23], [84, 62, 64], [83, 33, 27]]
[[97, 93, 23], [83, 33, 27]]
[[97, 93, 23], [83, 27, 33]]
[[97, 93, 23], [64, 84, 62], [62, 64, 84]]
[[97, 93, 23], [64, 62, 84]]
[[97, 93, 23], [62, 84, 64]]
[[97, 93, 23], [62, 64, 84]]
[[97, 93, 23]]
[[97, 93, 23]]
[[97, 93, 23]]
[[97, 93, 23]]
[[97, 93, 23]]
[[97, 93, 23]]
[[97, 93, 23]]
[[97, 93, 23]]
[[97, 93, 23]]
[[97, 93, 23]]
[[97, 93, 23]]
[[97, 93, 23]]
[[97, 93, 23]]
[[97, 93, 23]]
[[97, 93, 23]]
[[97, 93, 23]]
[[97, 93, 23]]
[[97, 93, 23]]
[[97, 93, 23]]
[[97, 93, 23], [93, 23, 97]]
[[97, 93, 23], [93, 23, 97]]
[[97, 93, 23], [93, 23, 97]]
[[97, 93, 23], [84, 64, 62], [83, 33, 27]]
[[97, 93, 23], [84, 62, 64], [83, 33, 27]]
[[97, 93, 23], [83, 33, 27]]
[[97, 93, 23], [83, 27, 33]]
[[97, 93, 23], [64, 84, 62], [62, 64, 84], [59, 41, 31]]
[[97, 93, 23], [64, 62, 84], [59, 41, 31]]
[[97, 93, 23], [62, 84, 64], [59, 41, 31]]
[[97, 93, 23], [62, 64, 84], [59, 41, 31]]
[[97, 93, 23], [59, 41, 31]]
[[97, 93, 23]]
[[97, 93, 23]]
[[97, 93, 23]]
[[97, 93, 23]]
[[97, 93, 23]]
[[97, 93, 23]]
[[97, 93, 23]]
[[97, 93, 23]]
[[97, 93, 23]]
[[97, 93, 23]]
[[97, 93, 23]]
[[97, 93, 23]]
[[97, 93, 23]]
[[97, 93, 23]]
[[97, 93, 23]]
[[97, 93, 23]]
[[97, 93, 23]]
[[97, 93, 23]]
[[97, 93, 23], [93, 23, 97]]
[[97, 93, 23], [93, 23, 97]]
[[97, 93, 23], [93, 23, 97]]
[[97, 93, 23], [84, 64, 62], [83, 33, 27], [59, 31, 41]]
[[97, 93, 23], [84, 62, 64], [83, 33, 27], [59, 31, 41]]
[[97, 93, 23], [83, 33, 27], [59, 31, 41]]
[[97, 93, 23], [83, 27, 33]]
[[97, 93, 23], [64, 84, 62], [62, 64, 84], [59, 41, 31]]
[[97, 93, 23], [64, 62, 84], [59, 41, 31]]
[[97, 93, 23], [62, 84, 64], [59, 41, 31]]
[[97, 93, 23], [62, 64, 84], [59, 41, 31]]
[[97, 93, 23], [59, 41, 31]]
[[97, 93, 23], [59, 31, 41]]
[[97, 93, 23]]
[[97, 93, 23]]
[[97, 93, 23]]
[[97, 93, 23]]
[[97, 93, 23]]
[[97, 93, 23]]
[[97, 93, 23]]
[[97, 93, 23]]
[[97, 93, 23]]
[[97, 93, 23]]
[[97, 93, 23]]
[[97, 93, 23]]
[[97, 93, 23]]
[[97, 93, 23]]
[[97, 93, 23]]
[[97, 93, 23]]
[[97, 93, 23]]
[[97, 93, 23], [93, 23, 97]]
[[97, 93, 23], [93, 23, 97]]
[[97, 93, 23], [93, 23, 97]]
[[97, 93, 23], [84, 64, 62], [83, 33, 27], [59, 31, 41]]
[[97, 93, 23], [84, 62, 64], [83, 33, 27], [59, 31, 41]]
[[97, 93, 23], [83, 33, 27], [59, 31, 41]]
[[97, 93, 23], [83, 27, 33]]
[[97, 93, 23], [64, 84, 62], [62, 64, 84], [59, 41, 31]]
[[97, 93, 23], [64, 62, 84], [59, 41, 31]]
[[97, 93, 23], [62, 84, 64], [59, 41, 31]]
[[97, 93, 23], [62, 64, 84], [59, 41, 31]]
[[97, 93, 23], [59, 41, 31]]
[[97, 93, 23], [59, 31, 41]]
[[97, 93, 23], [58, 53, 26]]
[[97, 93, 23]]
[[97, 93, 23]]
[[97, 93, 23]]
[[97, 93, 23]]
[[97, 93, 23]]
[[97, 93, 23]]
[[97, 93, 23]]
[[97, 93, 23]]
[[97, 93, 23]]
[[97, 93, 23]]
[[97, 93, 23]]
[[97, 93, 23]]
[[97, 93, 23]]
[[97, 93, 23]]
[[97, 93, 23]]
[[97, 93, 23]]
[[97, 93, 23], [93, 23, 97]]
[[97, 93, 23], [93, 23, 97]]
[[97, 93, 23], [93, 23, 97]]
[[97, 93, 23], [84, 64, 62], [83, 33, 27], [59, 31, 41], [58, 26, 53]]
[[97, 93, 23], [84, 62, 64], [83, 33, 27], [59, 31, 41], [58, 26, 53]]
[[97, 93, 23], [83, 33, 27], [59, 31, 41], [58, 26, 53]]
[[97, 93, 23], [83, 27, 33], [58, 26, 53]]
[[97, 93, 23], [64, 84, 62], [62, 64, 84], [59, 41, 31], [58, 26, 53]]
[[97, 93, 23], [64, 62, 84], [59, 41, 31], [58, 26, 53]]
[[97, 93, 23], [62, 84, 64], [59, 41, 31], [58, 26, 53]]
[[97, 93, 23], [62, 64, 84], [59, 41, 31], [58, 26, 53]]
[[97, 93, 23], [59, 41, 31], [58, 26, 53]]
[[97, 93, 23], [59, 31, 41], [58, 26, 53]]
[[97, 93, 23], [58, 53, 26]]
[[97, 93, 23], [58, 26, 53]]
[[97, 93, 23]]
[[97, 93, 23]]
[[97, 93, 23]]
[[97, 93, 23]]
[[97, 93, 23]]
[[97, 93, 23]]
[[97, 93, 23]]
[[97, 93, 23]]
[[97, 93, 23]]
[[97, 93, 23]]
[[97, 93, 23]]
[[97, 93, 23]]
[[97, 93, 23]]
[[97, 93, 23]]
[[97, 93, 23]]
[[97, 93, 23], [93, 23, 97]]
[[97, 93, 23], [93, 23, 97]]
[[97, 93, 23], [93, 23, 97]]
[[97, 93, 23], [84, 64, 62], [83, 33, 27], [59, 31, 41], [58, 26, 53]]
[[97, 93, 23], [84, 62, 64], [83, 33, 27], [59, 31, 41], [58, 26, 53]]
[[97, 93, 23], [83, 33, 27], [59, 31, 41], [58, 26, 53]]
[[97, 93, 23], [83, 27, 33], [58, 26, 53]]
[[97, 93, 23], [64, 84, 62], [62, 64, 84], [59, 41, 31], [58, 26, 53]]
[[97, 93, 23], [64, 62, 84], [59, 41, 31], [58, 26, 53]]
[[97, 93, 23], [62, 84, 64], [59, 41, 31], [58, 26, 53]]
[[97, 93, 23], [62, 64, 84], [59, 41, 31], [58, 26, 53]]
[[97, 93, 23], [59, 41, 31], [58, 26, 53]]
[[97, 93, 23], [59, 31, 41], [58, 26, 53]]
[[97, 93, 23], [58, 53, 26]]
[[97, 93, 23], [58, 26, 53]]
[[97, 93, 23], [53, 58, 26]]
[[97, 93, 23]]
[[97, 93, 23]]
[[97, 93, 23]]
[[97, 93, 23]]
[[97, 93, 23]]
[[97, 93, 23]]
[[97, 93, 23]]
[[97, 93, 23]]
[[97, 93, 23]]
[[97, 93, 23]]
[[97, 93, 23]]
[[97, 93, 23]]
[[97, 93, 23]]
[[97, 93, 23]]
[[97, 93, 23], [93, 23, 97]]
[[97, 93, 23], [93, 23, 97]]
[[97, 93, 23], [93, 23, 97]]
[[97, 93, 23], [84, 64, 62], [83, 33, 27], [59, 31, 41], [58, 26, 53]]
[[97, 93, 23], [84, 62, 64], [83, 33, 27], [59, 31, 41], [58, 26, 53]]
[[97, 93, 23], [83, 33, 27], [59, 31, 41], [58, 26, 53]]
[[97, 93, 23], [83, 27, 33], [58, 26, 53]]
[[97, 93, 23], [64, 84, 62], [62, 64, 84], [59, 41, 31], [58, 26, 53]]
[[97, 93, 23], [64, 62, 84], [59, 41, 31], [58, 26, 53]]
[[97, 93, 23], [62, 84, 64], [59, 41, 31], [58, 26, 53]]
[[97, 93, 23], [62, 64, 84], [59, 41, 31], [58, 26, 53]]
[[97, 93, 23], [59, 41, 31], [58, 26, 53]]
[[97, 93, 23], [59, 31, 41], [58, 26, 53]]
[[97, 93, 23], [58, 53, 26], [53, 26, 58]]
[[97, 93, 23], [58, 26, 53]]
[[97, 93, 23], [53, 58, 26]]
[[97, 93, 23], [53, 26, 58]]
[[97, 93, 23]]
[[97, 93, 23]]
[[97, 93, 23]]
[[97, 93, 23]]
[[97, 93, 23]]
[[97, 93, 23]]
[[97, 93, 23]]
[[97, 93, 23]]
[[97, 93, 23]]
[[97, 93, 23]]
[[97, 93, 23]]
[[97, 93, 23]]
[[97, 93, 23]]
[[97, 93, 23], [93, 23, 97]]
[[97, 93, 23], [93, 23, 97]]
[[97, 93, 23], [93, 23, 97]]
[[97, 93, 23], [84, 64, 62], [83, 33, 27], [59, 31, 41], [58, 26, 53]]
[[97, 93, 23], [84, 62, 64], [83, 33, 27], [59, 31, 41], [58, 26, 53]]
[[97, 93, 23], [83, 33, 27], [59, 31, 41], [58, 26, 53]]
[[97, 93, 23], [83, 27, 33], [58, 26, 53]]
[[97, 93, 23], [64, 84, 62], [62, 64, 84], [59, 41, 31], [58, 26, 53]]
[[97, 93, 23], [64, 62, 84], [59, 41, 31], [58, 26, 53]]
[[97, 93, 23], [62, 84, 64], [59, 41, 31], [58, 26, 53]]
[[97, 93, 23], [62, 64, 84], [59, 41, 31], [58, 26, 53]]
[[97, 93, 23], [59, 41, 31], [58, 26, 53]]
[[97, 93, 23], [59, 31, 41], [58, 26, 53]]
[[97, 93, 23], [58, 53, 26], [53, 26, 58]]
[[97, 93, 23], [58, 26, 53]]
[[97, 93, 23], [53, 58, 26]]
[[97, 93, 23], [53, 26, 58]]
[[97, 93, 23], [41, 59, 31]]
[[97, 93, 23]]
[[97, 93, 23]]
[[97, 93, 23]]
[[97, 93, 23]]
[[97, 93, 23]]
[[97, 93, 23]]
[[97, 93, 23]]
[[97, 93, 23]]
[[97, 93, 23]]
[[97, 93, 23]]
[[97, 93, 23]]
[[97, 93, 23]]
[[97, 93, 23], [93, 23, 97]]
[[97, 93, 23], [93, 23, 97]]
[[97, 93, 23], [93, 23, 97]]
[[97, 93, 23], [84, 64, 62], [83, 33, 27], [59, 31, 41], [58, 26, 53]]
[[97, 93, 23], [84, 62, 64], [83, 33, 27], [59, 31, 41], [58, 26, 53]]
[[97, 93, 23], [83, 33, 27], [59, 31, 41], [58, 26, 53]]
[[97, 93, 23], [83, 27, 33], [58, 26, 53]]
[[97, 93, 23], [64, 84, 62], [62, 64, 84], [59, 41, 31], [58, 26, 53]]
[[97, 93, 23], [64, 62, 84], [59, 41, 31], [58, 26, 53]]
[[97, 93, 23], [62, 84, 64], [59, 41, 31], [58, 26, 53]]
[[97, 93, 23], [62, 64, 84], [59, 41, 31], [58, 26, 53]]
[[97, 93, 23], [59, 41, 31], [58, 26, 53]]
[[97, 93, 23], [59, 31, 41], [58, 26, 53]]
[[97, 93, 23], [58, 53, 26], [53, 26, 58]]
[[97, 93, 23], [58, 26, 53]]
[[97, 93, 23], [53, 58, 26], [41, 31, 59]]
[[97, 93, 23], [53, 26, 58]]
[[97, 93, 23], [41, 59, 31]]
[[97, 93, 23], [41, 31, 59]]
[[97, 93, 23]]
[[97, 93, 23]]
[[97, 93, 23]]
[[97, 93, 23]]
[[97, 93, 23]]
[[97, 93, 23]]
[[97, 93, 23]]
[[97, 93, 23]]
[[97, 93, 23]]
[[97, 93, 23]]
[[97, 93, 23]]
[[97, 93, 23], [93, 23, 97]]
[[97, 93, 23], [93, 23, 97]]
[[97, 93, 23], [93, 23, 97]]
[[97, 93, 23], [84, 64, 62], [83, 33, 27], [59, 31, 41], [58, 26, 53]]
[[97, 93, 23], [84, 62, 64], [83, 33, 27], [59, 31, 41], [58, 26, 53]]
[[97, 93, 23], [83, 33, 27], [59, 31, 41], [58, 26, 53]]
[[97, 93, 23], [83, 27, 33], [58, 26, 53]]
[[97, 93, 23], [64, 84, 62], [62, 64, 84], [59, 41, 31], [58, 26, 53]]
[[97, 93, 23], [64, 62, 84], [59, 41, 31], [58, 26, 53]]
[[97, 93, 23], [62, 84, 64], [59, 41, 31], [58, 26, 53]]
[[97, 93, 23], [62, 64, 84], [59, 41, 31], [58, 26, 53]]
[[97, 93, 23], [59, 41, 31], [58, 26, 53]]
[[97, 93, 23], [59, 31, 41], [58, 26, 53]]
[[97, 93, 23], [58, 53, 26], [53, 26, 58]]
[[97, 93, 23], [58, 26, 53]]
[[97, 93, 23], [53, 58, 26], [41, 31, 59]]
[[97, 93, 23], [53, 26, 58]]
[[97, 93, 23], [41, 59, 31]]
[[97, 93, 23], [41, 31, 59]]
[[97, 93, 23], [33, 83, 27]]
[[97, 93, 23]]
[[97, 93, 23]]
[[97, 93, 23]]
[[97, 93, 23]]
[[97, 93, 23]]
[[97, 93, 23]]
[[97, 93, 23]]
[[97, 93, 23]]
[[97, 93, 23]]
[[97, 93, 23]]
[[97, 93, 23], [93, 23, 97]]
[[97, 93, 23], [93, 23, 97]]
[[97, 93, 23], [93, 23, 97]]
[[97, 93, 23], [84, 64, 62], [83, 33, 27], [59, 31, 41], [58, 26, 53]]
[[97, 93, 23], [84, 62, 64], [83, 33, 27], [59, 31, 41], [58, 26, 53]]
[[97, 93, 23], [83, 33, 27], [59, 31, 41], [58, 26, 53]]
[[97, 93, 23], [83, 27, 33], [58, 26, 53]]
[[97, 93, 23], [64, 84, 62], [62, 64, 84], [59, 41, 31], [58, 26, 53]]
[[97, 93, 23], [64, 62, 84], [59, 41, 31], [58, 26, 53]]
[[97, 93, 23], [62, 84, 64], [59, 41, 31], [58, 26, 53]]
[[97, 93, 23], [62, 64, 84], [59, 41, 31], [58, 26, 53]]
[[97, 93, 23], [59, 41, 31], [58, 26, 53]]
[[97, 93, 23], [59, 31, 41], [58, 26, 53]]
[[97, 93, 23], [58, 53, 26], [53, 26, 58]]
[[97, 93, 23], [58, 26, 53]]
[[97, 93, 23], [53, 58, 26], [41, 31, 59], [33, 27, 83]]
[[97, 93, 23], [53, 26, 58]]
[[97, 93, 23], [41, 59, 31], [33, 27, 83]]
[[97, 93, 23], [41, 31, 59], [33, 27, 83]]
[[97, 93, 23], [33, 83, 27]]
[[97, 93, 23], [33, 27, 83]]
[[97, 93, 23]]
[[97, 93, 23]]
[[97, 93, 23]]
[[97, 93, 23]]
[[97, 93, 23]]
[[97, 93, 23]]
[[97, 93, 23]]
[[97, 93, 23]]
[[97, 93, 23]]
[[97, 93, 23], [93, 23, 97]]
[[97, 93, 23], [93, 23, 97]]
[[97, 93, 23], [93, 23, 97]]
[[97, 93, 23], [84, 64, 62], [83, 33, 27], [59, 31, 41], [58, 26, 53]]
[[97, 93, 23], [84, 62, 64], [83, 33, 27], [59, 31, 41], [58, 26, 53]]
[[97, 93, 23], [83, 33, 27], [59, 31, 41], [58, 26, 53]]
[[97, 93, 23], [83, 27, 33], [58, 26, 53]]
[[97, 93, 23], [64, 84, 62], [62, 64, 84], [59, 41, 31], [58, 26, 53]]
[[97, 93, 23], [64, 62, 84], [59, 41, 31], [58, 26, 53]]
[[97, 93, 23], [62, 84, 64], [59, 41, 31], [58, 26, 53]]
[[97, 93, 23], [62, 64, 84], [59, 41, 31], [58, 26, 53]]
[[97, 93, 23], [59, 41, 31], [58, 26, 53]]
[[97, 93, 23], [59, 31, 41], [58, 26, 53]]
[[97, 93, 23], [58, 53, 26], [53, 26, 58]]
[[97, 93, 23], [58, 26, 53]]
[[97, 93, 23], [53, 58, 26], [41, 31, 59], [33, 27, 83]]
[[97, 93, 23], [53, 26, 58]]
[[97, 93, 23], [41, 59, 31], [33, 27, 83]]
[[97, 93, 23], [41, 31, 59], [33, 27, 83]]
[[97, 93, 23], [33, 83, 27], [31, 59, 41]]
[[97, 93, 23], [33, 27, 83]]
[[97, 93, 23], [31, 59, 41]]
[[97, 93, 23]]
[[97, 93, 23]]
[[97, 93, 23]]
[[97, 93, 23]]
[[97, 93, 23]]
[[97, 93, 23]]
[[97, 93, 23]]
[[97, 93, 23]]
[[97, 93, 23], [93, 23, 97]]
[[97, 93, 23], [93, 23, 97]]
[[97, 93, 23], [93, 23, 97]]
[[97, 93, 23], [84, 64, 62], [83, 33, 27], [59, 31, 41], [58, 26, 53]]
[[97, 93, 23], [84, 62, 64], [83, 33, 27], [59, 31, 41], [58, 26, 53]]
[[97, 93, 23], [83, 33, 27], [59, 31, 41], [58, 26, 53]]
[[97, 93, 23], [83, 27, 33], [58, 26, 53]]
[[97, 93, 23], [64, 84, 62], [62, 64, 84], [59, 41, 31], [58, 26, 53]]
[[97, 93, 23], [64, 62, 84], [59, 41, 31], [58, 26, 53]]
[[97, 93, 23], [62, 84, 64], [59, 41, 31], [58, 26, 53]]
[[97, 93, 23], [62, 64, 84], [59, 41, 31], [58, 26, 53]]
[[97, 93, 23], [59, 41, 31], [58, 26, 53]]
[[97, 93, 23], [59, 31, 41], [58, 26, 53]]
[[97, 93, 23], [58, 53, 26], [53, 26, 58]]
[[97, 93, 23], [58, 26, 53]]
[[97, 93, 23], [53, 58, 26], [41, 31, 59], [33, 27, 83]]
[[97, 93, 23], [53, 26, 58]]
[[97, 93, 23], [41, 59, 31], [33, 27, 83]]
[[97, 93, 23], [41, 31, 59], [33, 27, 83]]
[[97, 93, 23], [33, 83, 27], [31, 59, 41]]
[[97, 93, 23], [33, 27, 83]]
[[97, 93, 23], [31, 59, 41]]
[[97, 93, 23], [31, 41, 59]]
[[97, 93, 23]]
[[97, 93, 23]]
[[97, 93, 23]]
[[97, 93, 23]]
[[97, 93, 23]]
[[97, 93, 23]]
[[97, 93, 23]]
[[97, 93, 23], [93, 23, 97]]
[[97, 93, 23], [93, 23, 97]]
[[97, 93, 23], [93, 23, 97]]
[[97, 93, 23], [84, 64, 62], [83, 33, 27], [59, 31, 41], [58, 26, 53]]
[[97, 93, 23], [84, 62, 64], [83, 33, 27], [59, 31, 41], [58, 26, 53]]
[[97, 93, 23], [83, 33, 27], [59, 31, 41], [58, 26, 53]]
[[97, 93, 23], [83, 27, 33], [58, 26, 53]]
[[97, 93, 23], [64, 84, 62], [62, 64, 84], [59, 41, 31], [58, 26, 53]]
[[97, 93, 23], [64, 62, 84], [59, 41, 31], [58, 26, 53]]
[[97, 93, 23], [62, 84, 64], [59, 41, 31], [58, 26, 53]]
[[97, 93, 23], [62, 64, 84], [59, 41, 31], [58, 26, 53]]
[[97, 93, 23], [59, 41, 31], [58, 26, 53]]
[[97, 93, 23], [59, 31, 41], [58, 26, 53]]
[[97, 93, 23], [58, 53, 26], [53, 26, 58]]
[[97, 93, 23], [58, 26, 53]]
[[97, 93, 23], [53, 58, 26], [41, 31, 59], [33, 27, 83]]
[[97, 93, 23], [53, 26, 58]]
[[97, 93, 23], [41, 59, 31], [33, 27, 83]]
[[97, 93, 23], [41, 31, 59], [33, 27, 83]]
[[97, 93, 23], [33, 83, 27], [31, 59, 41]]
[[97, 93, 23], [33, 27, 83]]
[[97, 93, 23], [31, 59, 41]]
[[97, 93, 23], [31, 41, 59]]
[[97, 93, 23], [27, 83, 33]]
[[97, 93, 23]]
[[97, 93, 23]]
[[97, 93, 23]]
[[97, 93, 23]]
[[97, 93, 23]]
[[97, 93, 23]]
[[97, 93, 23], [93, 23, 97]]
[[97, 93, 23], [93, 23, 97]]
[[97, 93, 23], [93, 23, 97]]
[[97, 93, 23], [84, 64, 62], [83, 33, 27], [59, 31, 41], [58, 26, 53]]
[[97, 93, 23], [84, 62, 64], [83, 33, 27], [59, 31, 41], [58, 26, 53]]
[[97, 93, 23], [83, 33, 27], [59, 31, 41], [58, 26, 53]]
[[97, 93, 23], [83, 27, 33], [58, 26, 53]]
[[97, 93, 23], [64, 84, 62], [62, 64, 84], [59, 41, 31], [58, 26, 53]]
[[97, 93, 23], [64, 62, 84], [59, 41, 31], [58, 26, 53]]
[[97, 93, 23], [62, 84, 64], [59, 41, 31], [58, 26, 53]]
[[97, 93, 23], [62, 64, 84], [59, 41, 31], [58, 26, 53]]
[[97, 93, 23], [59, 41, 31], [58, 26, 53]]
[[97, 93, 23], [59, 31, 41], [58, 26, 53]]
[[97, 93, 23], [58, 53, 26], [53, 26, 58]]
[[97, 93, 23], [58, 26, 53]]
[[97, 93, 23], [53, 58, 26], [41, 31, 59], [33, 27, 83]]
[[97, 93, 23], [53, 26, 58]]
[[97, 93, 23], [41, 59, 31], [33, 27, 83]]
[[97, 93, 23], [41, 31, 59], [33, 27, 83]]
[[97, 93, 23], [33, 83, 27], [31, 59, 41], [27, 33, 83]]
[[97, 93, 23], [33, 27, 83]]
[[97, 93, 23], [31, 59, 41], [27, 33, 83]]
[[97, 93, 23], [31, 41, 59], [27, 33, 83]]
[[97, 93, 23], [27, 83, 33]]
[[97, 93, 23], [27, 33, 83]]
[[97, 93, 23]]
[[97, 93, 23]]
[[97, 93, 23]]
[[97, 93, 23]]
[[97, 93, 23]]
[[97, 93, 23], [93, 23, 97]]
[[97, 93, 23], [93, 23, 97]]
[[97, 93, 23], [93, 23, 97]]
[[97, 93, 23], [84, 64, 62], [83, 33, 27], [59, 31, 41], [58, 26, 53]]
[[97, 93, 23], [84, 62, 64], [83, 33, 27], [59, 31, 41], [58, 26, 53]]
[[97, 93, 23], [83, 33, 27], [59, 31, 41], [58, 26, 53]]
[[97, 93, 23], [83, 27, 33], [58, 26, 53]]
[[97, 93, 23], [64, 84, 62], [62, 64, 84], [59, 41, 31], [58, 26, 53]]
[[97, 93, 23], [64, 62, 84], [59, 41, 31], [58, 26, 53]]
[[97, 93, 23], [62, 84, 64], [59, 41, 31], [58, 26, 53]]
[[97, 93, 23], [62, 64, 84], [59, 41, 31], [58, 26, 53]]
[[97, 93, 23], [59, 41, 31], [58, 26, 53]]
[[97, 93, 23], [59, 31, 41], [58, 26, 53]]
[[97, 93, 23], [58, 53, 26], [53, 26, 58]]
[[97, 93, 23], [58, 26, 53]]
[[97, 93, 23], [53, 58, 26], [41, 31, 59], [33, 27, 83]]
[[97, 93, 23], [53, 26, 58]]
[[97, 93, 23], [41, 59, 31], [33, 27, 83]]
[[97, 93, 23], [41, 31, 59], [33, 27, 83]]
[[97, 93, 23], [33, 83, 27], [31, 59, 41], [27, 33, 83]]
[[97, 93, 23], [33, 27, 83]]
[[97, 93, 23], [31, 59, 41], [27, 33, 83]]
[[97, 93, 23], [31, 41, 59], [27, 33, 83]]
[[97, 93, 23], [27, 83, 33], [26, 58, 53]]
[[97, 93, 23], [27, 33, 83]]
[[97, 93, 23], [26, 58, 53]]
[[97, 93, 23]]
[[97, 93, 23]]
[[97, 93, 23]]
[[97, 93, 23]]
[[97, 93, 23], [93, 23, 97]]
[[97, 93, 23], [93, 23, 97]]
[[97, 93, 23], [93, 23, 97]]
[[97, 93, 23], [84, 64, 62], [83, 33, 27], [59, 31, 41], [58, 26, 53]]
[[97, 93, 23], [84, 62, 64], [83, 33, 27], [59, 31, 41], [58, 26, 53]]
[[97, 93, 23], [83, 33, 27], [59, 31, 41], [58, 26, 53]]
[[97, 93, 23], [83, 27, 33], [58, 26, 53]]
[[97, 93, 23], [64, 84, 62], [62, 64, 84], [59, 41, 31], [58, 26, 53]]
[[97, 93, 23], [64, 62, 84], [59, 41, 31], [58, 26, 53]]
[[97, 93, 23], [62, 84, 64], [59, 41, 31], [58, 26, 53]]
[[97, 93, 23], [62, 64, 84], [59, 41, 31], [58, 26, 53]]
[[97, 93, 23], [59, 41, 31], [58, 26, 53]]
[[97, 93, 23], [59, 31, 41], [58, 26, 53]]
[[97, 93, 23], [58, 53, 26], [53, 26, 58]]
[[97, 93, 23], [58, 26, 53]]
[[97, 93, 23], [53, 58, 26], [41, 31, 59], [33, 27, 83]]
[[97, 93, 23], [53, 26, 58]]
[[97, 93, 23], [41, 59, 31], [33, 27, 83]]
[[97, 93, 23], [41, 31, 59], [33, 27, 83]]
[[97, 93, 23], [33, 83, 27], [31, 59, 41], [27, 33, 83]]
[[97, 93, 23], [33, 27, 83]]
[[97, 93, 23], [31, 59, 41], [27, 33, 83]]
[[97, 93, 23], [31, 41, 59], [27, 33, 83]]
[[97, 93, 23], [27, 83, 33], [26, 58, 53]]
[[97, 93, 23], [27, 33, 83]]
[[97, 93, 23], [26, 58, 53]]
[[97, 93, 23], [26, 53, 58]]
[[97, 93, 23]]
[[97, 93, 23]]
[[97, 93, 23]]
[[97, 93, 23], [93, 23, 97]]
[[97, 93, 23], [93, 23, 97]]
[[97, 93, 23], [93, 23, 97]]
[[97, 93, 23], [84, 64, 62], [83, 33, 27], [59, 31, 41], [58, 26, 53]]
[[97, 93, 23], [84, 62, 64], [83, 33, 27], [59, 31, 41], [58, 26, 53]]
[[97, 93, 23], [83, 33, 27], [59, 31, 41], [58, 26, 53]]
[[97, 93, 23], [83, 27, 33], [58, 26, 53]]
[[97, 93, 23], [64, 84, 62], [62, 64, 84], [59, 41, 31], [58, 26, 53]]
[[97, 93, 23], [64, 62, 84], [59, 41, 31], [58, 26, 53]]
[[97, 93, 23], [62, 84, 64], [59, 41, 31], [58, 26, 53]]
[[97, 93, 23], [62, 64, 84], [59, 41, 31], [58, 26, 53]]
[[97, 93, 23], [59, 41, 31], [58, 26, 53]]
[[97, 93, 23], [59, 31, 41], [58, 26, 53]]
[[97, 93, 23], [58, 53, 26], [53, 26, 58]]
[[97, 93, 23], [58, 26, 53]]
[[97, 93, 23], [53, 58, 26], [41, 31, 59], [33, 27, 83]]
[[97, 93, 23], [53, 26, 58]]
[[97, 93, 23], [41, 59, 31], [33, 27, 83]]
[[97, 93, 23], [41, 31, 59], [33, 27, 83]]
[[97, 93, 23], [33, 83, 27], [31, 59, 41], [27, 33, 83]]
[[97, 93, 23], [33, 27, 83]]
[[97, 93, 23], [31, 59, 41], [27, 33, 83]]
[[97, 93, 23], [31, 41, 59], [27, 33, 83]]
[[97, 93, 23], [27, 83, 33], [26, 58, 53]]
[[97, 93, 23], [27, 33, 83]]
[[97, 93, 23], [26, 58, 53]]
[[97, 93, 23], [26, 53, 58]]
[[97, 93, 23]]
[[97, 93, 23]]
[[97, 93, 23]]
[[97, 93, 23], [93, 23, 97]]
[[97, 93, 23], [93, 23, 97]]
[[97, 93, 23], [93, 23, 97]]
[[97, 93, 23], [84, 64, 62], [83, 33, 27], [59, 31, 41], [58, 26, 53]]
[[97, 93, 23], [84, 62, 64], [83, 33, 27], [59, 31, 41], [58, 26, 53]]
[[97, 93, 23], [83, 33, 27], [59, 31, 41], [58, 26, 53]]
[[97, 93, 23], [83, 27, 33], [58, 26, 53]]
[[97, 93, 23], [64, 84, 62], [62, 64, 84], [59, 41, 31], [58, 26, 53]]
[[97, 93, 23], [64, 62, 84], [59, 41, 31], [58, 26, 53]]
[[97, 93, 23], [62, 84, 64], [59, 41, 31], [58, 26, 53]]
[[97, 93, 23], [62, 64, 84], [59, 41, 31], [58, 26, 53]]
[[97, 93, 23], [59, 41, 31], [58, 26, 53]]
[[97, 93, 23], [59, 31, 41], [58, 26, 53]]
[[97, 93, 23], [58, 53, 26], [53, 26, 58]]
[[97, 93, 23], [58, 26, 53]]
[[97, 93, 23], [53, 58, 26], [41, 31, 59], [33, 27, 83]]
[[97, 93, 23], [53, 26, 58]]
[[97, 93, 23], [41, 59, 31], [33, 27, 83]]
[[97, 93, 23], [41, 31, 59], [33, 27, 83]]
[[97, 93, 23], [33, 83, 27], [31, 59, 41], [27, 33, 83]]
[[97, 93, 23], [33, 27, 83]]
[[97, 93, 23], [31, 59, 41], [27, 33, 83]]
[[97, 93, 23], [31, 41, 59], [27, 33, 83]]
[[97, 93, 23], [27, 83, 33], [26, 58, 53]]
[[97, 93, 23], [27, 33, 83]]
[[97, 93, 23], [26, 58, 53]]
[[97, 93, 23], [26, 53, 58]]
[[97, 93, 23]]
[[97, 93, 23]]
[[97, 93, 23]]
Case 1: maximum height = 253
